2026-03-17 22:23:02,833 - INFO - Application Starting...
2026-03-17 22:23:04,103 - INFO - Application started successfully
2026-03-17 22:29:39,589 - INFO - Application Starting...
2026-03-17 22:29:40,976 - INFO - Application started successfully
2026-03-17 22:50:35,288 - INFO - Application Starting...
2026-03-17 22:50:35,889 - ERROR - Startup Error: unknown color name "rgba(0,0,0,0.1)"
2026-03-17 22:50:44,535 - INFO - Application Starting...
2026-03-17 22:50:45,071 - ERROR - Startup Error: unknown color name "rgba(0,0,0,0.1)"
2026-03-17 22:51:49,977 - INFO - Application Starting...
2026-03-17 22:51:51,768 - INFO - Application started successfully
2026-03-17 22:53:42,124 - INFO - Application Starting...
2026-03-17 22:53:42,742 - ERROR - Startup Error: unknown color name ""
2026-03-17 22:53:55,726 - INFO - Application Starting...
2026-03-17 22:53:57,476 - INFO - Application started successfully
2026-03-17 23:30:45,506 - INFO - Application Starting...
2026-03-17 23:30:47,469 - ERROR - Startup Error: unknown color name ""
2026-03-17 23:33:29,931 - INFO - Application Starting...
2026-03-17 23:33:34,658 - INFO - Application started successfully
2026-03-17 23:35:39,865 - INFO - Application Starting...
2026-03-17 23:35:41,595 - INFO - Application started successfully
2026-03-17 23:36:02,656 - INFO - Application Starting...
2026-03-17 23:36:08,142 - INFO - Application started successfully
2026-03-17 23:42:58,226 - INFO - Application Starting...
2026-03-17 23:43:00,092 - ERROR - Startup Error: 'TrainCaptainApp' object has no attribute 'colors'
2026-03-17 23:45:07,932 - INFO - Application Starting...
2026-03-17 23:45:09,994 - ERROR - Startup Error: 'Theme' object has no attribute 'COLORS'
2026-03-17 23:45:34,077 - INFO - Application Starting...
2026-03-17 23:45:34,113 - ERROR - Import Error: cannot import name 'TrainCaptainApp' from 'gui.main_window' (C:\Users\DELL\Music\ticket_booking_bot\gui\main_window.py)
2026-03-17 23:46:06,776 - INFO - Application Starting...
2026-03-17 23:46:08,921 - ERROR - Startup Error: 'Theme' object has no attribute 'COLORS'
2026-03-17 23:53:29,369 - INFO - Application Starting...
2026-03-17 23:53:31,037 - ERROR - Startup Error: 'TrainCaptainApp' object has no attribute 'colors'
2026-03-17 23:54:28,280 - INFO - Application Starting...
2026-03-17 23:54:30,385 - ERROR - Startup Error: 'TrainCaptainApp' object has no attribute 'COLORS'
2026-03-17 23:55:07,695 - INFO - Application Starting...
2026-03-17 23:55:12,587 - INFO - Application started successfully
2026-03-19 09:01:50,137 - INFO - Application Starting...
2026-03-19 09:01:52,839 - INFO - Application started successfully
2026-03-19 09:04:48,596 - INFO - Application Starting...
2026-03-19 09:04:50,206 - INFO - Application started successfully
2026-03-19 20:05:49,222 - INFO - Application Starting...
2026-03-19 20:05:50,995 - ERROR - Startup Error: bad window path name ".!frame.!frame2.!notebook.!historytab.!frame.!canvas.!frame.!frame.!frame5.!label"
2026-03-19 20:06:43,474 - INFO - Application Starting...
2026-03-19 20:06:44,961 - ERROR - Startup Error: bad window path name ".!frame.!frame2.!notebook.!historytab.!frame.!canvas.!frame.!frame.!frame5.!label"
